<?xml version="1.0" encoding="UTF-8"?>
<!-- Generated by org.testng.reporters.JUnitXMLReporter -->
<testsuite ignored="2" hostname="LTIN509231" failures="1" tests="11" name="Test in Edge broswer" time="121.75" errors="0" timestamp="2024-04-03T10:30:59 IST">
  <testcase classname="TestCases.WorldClock_tc" name="captureUserInfo" time="19.183"/>
  <testcase classname="TestCases.WorldClock_tc" name="validationOfWorldClock" time="2.092"/>
  <testcase classname="TestCases.WorldClock_tc" name="ValidationofCurretDateAndWeek" time="4.076"/>
  <testcase classname="TestCases.WorldClock_tc" name="ValidationOfBangaloreTime" time="7.058"/>
  <testcase classname="TestCases.WorldClock_tc" name="ValidationOfLondonTimeAndNewYorkTime" time="27.408">
    <failure type="java.lang.AssertionError" message="assertTrue for london expected [6:00AM] but found [5:59AM]">
      <![CDATA[java.lang.AssertionError: assertTrue for london expected [6:00AM] but found [5:59AM]
at TestCases.WorldClock_tc.ValidationOfLondonTimeAndNewYorkTime(WorldClock_tc.java:116)
at java.base/java.util.ArrayList.forEach(ArrayList.java:1511)
... Removed 32 stack frames]]>
    </failure>
  </testcase> <!-- ValidationOfLondonTimeAndNewYorkTime -->
  <testcase classname="TestCases.WorldClock_tc" name="validationOfTimeZoneDifferenceForLondon" time="0.041"/>
  <testcase classname="TestCases.WorldClock_tc" name="validationOfTimeZoneDifferenceForNewYork" time="0.059"/>
  <testcase classname="TestCases.WorldClock_tc" name="clickOnOneCognizant" time="5.195"/>
  <testcase classname="TestCases.WorldClock_tc" name="clickViewAllApps" time="18.296"/>
  <testcase classname="TestCases.WorldClock_tc" name="validationOfAtoZAlphabats" time="0.049"/>
  <testcase classname="TestCases.WorldClock_tc" name="getRandomAlphabatAppDetails" time="0.656"/>
  <testcase classname="TestBase.BaseClass" name="@BeforeTest setup" time="0.0">
    <ignored/>
  </testcase> <!-- @BeforeTest setup -->
  <testcase classname="TestBase.BaseClass" name="@AfterTest tearDown" time="0.0">
    <ignored/>
  </testcase> <!-- @AfterTest tearDown -->
</testsuite> <!-- Test in Edge broswer -->
