<?xml version="1.0" encoding="UTF-8"?>
<!-- Generated by org.testng.reporters.JUnitXMLReporter -->
<testsuite ignored="0" hostname="LTIN509231" failures="0" tests="11" name="Default test" time="0.151" errors="0" timestamp="2024-04-02T19:01:11 IST">
  <testcase classname="TestBase.BaseClass" name="@BeforeTest setup" time="-1.712064671183E9">
    <failure type="org.testng.TestNGException" message="
Parameter &amp;apos;browser&amp;apos; is required by BeforeTest on method setup but has not been marked @Optional or defined
in C:\Users\2327276\AppData\Local\Temp\testng-eclipse--1910600636\testng-customsuite.xml">
      <![CDATA[org.testng.TestNGException: 
Parameter 'browser' is required by BeforeTest on method setup but has not been marked @Optional or defined
in C:\Users\2327276\AppData\Local\Temp\testng-eclipse--1910600636\testng-customsuite.xml
at org.testng.internal.Parameters.createParams(Parameters.java:267)
at org.testng.internal.Parameters.createParametersForMethod(Parameters.java:355)
at org.testng.internal.Parameters.createParameters(Parameters.java:693)
at org.testng.internal.Parameters.createConfigurationParameters(Parameters.java:166)
at org.testng.internal.invokers.ConfigInvoker.invokeConfigurations(ConfigInvoker.java:306)
at org.testng.TestRunner.invokeTestConfigurations(TestRunner.java:661)
at org.testng.TestRunner.beforeRun(TestRunner.java:650)
at org.testng.TestRunner.run(TestRunner.java:612)
at org.testng.SuiteRunner.runTest(SuiteRunner.java:443)
at org.testng.SuiteRunner.runSequentially(SuiteRunner.java:437)
at org.testng.SuiteRunner.privateRun(SuiteRunner.java:397)
at org.testng.SuiteRunner.run(SuiteRunner.java:336)
at org.testng.SuiteRunnerWorker.runSuite(SuiteRunnerWorker.java:52)
at org.testng.SuiteRunnerWorker.run(SuiteRunnerWorker.java:95)
at org.testng.TestNG.runSuitesSequentially(TestNG.java:1301)
at org.testng.TestNG.runSuitesLocally(TestNG.java:1228)
at org.testng.TestNG.runSuites(TestNG.java:1134)
at org.testng.TestNG.run(TestNG.java:1101)
at org.testng.remote.AbstractRemoteTestNG.run(AbstractRemoteTestNG.java:115)
at org.testng.remote.RemoteTestNG.initAndRun(RemoteTestNG.java:251)
at org.testng.remote.RemoteTestNG.main(RemoteTestNG.java:77)
]]>
    </failure>
  </testcase> <!-- @BeforeTest setup -->
  <testcase classname="TestBase.BaseClass" name="@AfterTest tearDown" time="0.0">
    <skipped/>
  </testcase> <!-- @AfterTest tearDown -->
  <testcase classname="TestCases.WorldClock_tc" name="captureUserInfo" time="0.0">
    <skipped/>
  </testcase> <!-- captureUserInfo -->
  <testcase classname="TestCases.WorldClock_tc" name="validationOfWorldClock" time="0.0">
    <skipped/>
  </testcase> <!-- validationOfWorldClock -->
  <testcase classname="TestCases.WorldClock_tc" name="ValidationofCurretDateAndWeek" time="0.001">
    <skipped/>
  </testcase> <!-- ValidationofCurretDateAndWeek -->
  <testcase classname="TestCases.WorldClock_tc" name="ValidationOfBangaloreTime" time="0.0">
    <skipped/>
  </testcase> <!-- ValidationOfBangaloreTime -->
  <testcase classname="TestCases.WorldClock_tc" name="ValidationOfLondonTimeAndNewYorkTime" time="0.0">
    <skipped/>
  </testcase> <!-- ValidationOfLondonTimeAndNewYorkTime -->
  <testcase classname="TestCases.WorldClock_tc" name="validationOfTimeZoneDifferenceForLondon" time="0.0">
    <skipped/>
  </testcase> <!-- validationOfTimeZoneDifferenceForLondon -->
  <testcase classname="TestCases.WorldClock_tc" name="validationOfTimeZoneDifferenceForNewYork" time="0.0">
    <skipped/>
  </testcase> <!-- validationOfTimeZoneDifferenceForNewYork -->
  <testcase classname="TestCases.WorldClock_tc" name="clickOnOneCognizant" time="0.0">
    <skipped/>
  </testcase> <!-- clickOnOneCognizant -->
  <testcase classname="TestCases.WorldClock_tc" name="clickViewAllApps" time="0.0">
    <skipped/>
  </testcase> <!-- clickViewAllApps -->
  <testcase classname="TestCases.WorldClock_tc" name="validationOfAtoZAlphabats" time="0.0">
    <skipped/>
  </testcase> <!-- validationOfAtoZAlphabats -->
  <testcase classname="TestCases.WorldClock_tc" name="getRandomAlphabatAppDetails" time="0.0">
    <skipped/>
  </testcase> <!-- getRandomAlphabatAppDetails -->
</testsuite> <!-- Default test -->
